2023-10-31 16:55:35 [main] INFO  com.notes.keep.KeepApplication - Starting KeepApplication using Java 17.0.8 with PID 12944 (C:\Users\sushant.raj\React_UI_Clone\keep\target\classes started by sushant.raj in C:\Users\sushant.raj\React_UI_Clone\keep)
2023-10-31 16:55:35 [main] INFO  com.notes.keep.KeepApplication - No active profile set, falling back to 1 default profile: "default"
2023-10-31 16:55:39 [main] INFO  o.s.d.r.c.RepositoryConfigurationDelegate - Bootstrapping Spring Data JPA repositories in DEFAULT mode.
2023-10-31 16:55:39 [main] INFO  o.s.d.r.c.RepositoryConfigurationDelegate - Finished Spring Data repository scanning in 284 ms. Found 3 JPA repository interfaces.
2023-10-31 16:55:41 [main] INFO  o.s.b.w.e.tomcat.TomcatWebServer - Tomcat initialized with port(s): 443 (https)
2023-10-31 16:55:41 [main] INFO  o.a.catalina.core.StandardService - Starting service [Tomcat]
2023-10-31 16:55:41 [main] INFO  o.a.catalina.core.StandardEngine - Starting Servlet engine: [Apache Tomcat/10.1.12]
2023-10-31 16:55:41 [main] INFO  o.a.c.c.C.[Tomcat].[localhost].[/] - Initializing Spring embedded WebApplicationContext
2023-10-31 16:55:41 [main] INFO  o.s.b.w.s.c.ServletWebServerApplicationContext - Root WebApplicationContext: initialization completed in 6553 ms
2023-10-31 16:55:42 [main] INFO  com.zaxxer.hikari.HikariDataSource - HikariPool-1 - Starting...
2023-10-31 16:55:46 [main] INFO  com.zaxxer.hikari.pool.HikariPool - HikariPool-1 - Added connection com.mysql.cj.jdbc.ConnectionImpl@492be039
2023-10-31 16:55:46 [main] INFO  com.zaxxer.hikari.HikariDataSource - HikariPool-1 - Start completed.
2023-10-31 16:55:46 [main] INFO  o.f.c.i.license.VersionPrinter - Flyway Community Edition 9.22.3 by Redgate
2023-10-31 16:55:46 [main] INFO  o.f.c.i.license.VersionPrinter - See release notes here: https://rd.gt/416ObMi
2023-10-31 16:55:46 [main] INFO  o.f.c.i.license.VersionPrinter - 
2023-10-31 16:55:47 [main] INFO  org.flywaydb.core.FlywayExecutor - Database: jdbc:mysql://localhost:3306/notes_db (MySQL 8.0)
2023-10-31 16:55:48 [main] INFO  o.f.core.internal.command.DbValidate - Successfully validated 1 migration (execution time 00:00.602s)
2023-10-31 16:55:48 [main] INFO  o.f.core.internal.command.DbMigrate - Current version of schema `notes_db`: 1
2023-10-31 16:55:48 [main] INFO  o.f.core.internal.command.DbMigrate - Schema `notes_db` is up to date. No migration necessary.
2023-10-31 16:55:48 [main] INFO  o.h.jpa.internal.util.LogHelper - HHH000204: Processing PersistenceUnitInfo [name: default]
2023-10-31 16:55:48 [main] INFO  org.hibernate.Version - HHH000412: Hibernate ORM core version 6.1.7.Final
2023-10-31 16:55:50 [main] INFO  SQL dialect - HHH000400: Using dialect: org.hibernate.dialect.MySQLDialect
2023-10-31 16:55:52 [main] INFO  o.h.e.t.j.p.i.JtaPlatformInitiator - HHH000490: Using JtaPlatform implementation: [org.hibernate.engine.transaction.jta.platform.internal.NoJtaPlatform]
2023-10-31 16:55:52 [main] INFO  o.s.o.j.LocalContainerEntityManagerFactoryBean - Initialized JPA EntityManagerFactory for persistence unit 'default'
2023-10-31 16:55:53 [main] WARN  o.s.b.a.o.j.JpaBaseConfiguration$JpaWebConfiguration - spring.jpa.open-in-view is enabled by default. Therefore, database queries may be performed during view rendering. Explicitly configure spring.jpa.open-in-view to disable this warning
2023-10-31 16:55:53 [main] INFO  o.s.s.web.DefaultSecurityFilterChain - Will secure any request with [org.springframework.security.web.session.DisableEncodeUrlFilter@3f8c4bcf, org.springframework.security.web.context.request.async.WebAsyncManagerIntegrationFilter@175377d3, org.springframework.security.web.context.SecurityContextHolderFilter@4ba32242, org.springframework.security.web.header.HeaderWriterFilter@a6fc2e1, org.springframework.security.web.authentication.logout.LogoutFilter@14a3a66c, org.springframework.security.web.savedrequest.RequestCacheAwareFilter@52b2c255, org.springframework.security.web.servletapi.SecurityContextHolderAwareRequestFilter@7c59f315, org.springframework.security.web.authentication.AnonymousAuthenticationFilter@645b67d6, org.springframework.security.web.session.SessionManagementFilter@10b063fd, org.springframework.security.web.access.ExceptionTranslationFilter@14b4f462, org.springframework.security.web.access.intercept.AuthorizationFilter@3a5244a1]
2023-10-31 16:55:56 [main] INFO  o.a.t.u.net.NioEndpoint.certificate - Connector [https-jsse-nio-443], TLS virtual host [_default_], certificate type [UNDEFINED] configured from keystore [file:/C:/Users/sushant.raj/React_UI_Clone/keep/target/classes/local-ssl.p12] using alias [local-ssl] with trust store [null]
2023-10-31 16:55:56 [main] INFO  o.s.b.w.e.tomcat.TomcatWebServer - Tomcat started on port(s): 443 (https) with context path ''
2023-10-31 16:55:56 [main] INFO  com.notes.keep.KeepApplication - Started KeepApplication in 24.514 seconds (process running for 25.554)
2023-10-31 17:03:51 [SpringApplicationShutdownHook] INFO  o.s.o.j.LocalContainerEntityManagerFactoryBean - Closing JPA EntityManagerFactory for persistence unit 'default'
2023-10-31 17:03:51 [SpringApplicationShutdownHook] INFO  com.zaxxer.hikari.HikariDataSource - HikariPool-1 - Shutdown initiated...
2023-10-31 17:03:51 [SpringApplicationShutdownHook] INFO  com.zaxxer.hikari.HikariDataSource - HikariPool-1 - Shutdown completed.
2023-10-31 17:03:54 [main] INFO  com.notes.keep.KeepApplication - Starting KeepApplication using Java 17.0.8 with PID 3132 (C:\Users\sushant.raj\React_UI_Clone\keep\target\classes started by sushant.raj in C:\Users\sushant.raj\React_UI_Clone\keep)
2023-10-31 17:03:54 [main] INFO  com.notes.keep.KeepApplication - No active profile set, falling back to 1 default profile: "default"
2023-10-31 17:03:55 [main] INFO  o.s.d.r.c.RepositoryConfigurationDelegate - Bootstrapping Spring Data JPA repositories in DEFAULT mode.
2023-10-31 17:03:55 [main] INFO  o.s.d.r.c.RepositoryConfigurationDelegate - Finished Spring Data repository scanning in 65 ms. Found 3 JPA repository interfaces.
2023-10-31 17:03:56 [main] INFO  o.s.b.w.e.tomcat.TomcatWebServer - Tomcat initialized with port(s): 443 (https)
2023-10-31 17:03:56 [main] INFO  o.a.catalina.core.StandardService - Starting service [Tomcat]
2023-10-31 17:03:56 [main] INFO  o.a.catalina.core.StandardEngine - Starting Servlet engine: [Apache Tomcat/10.1.12]
2023-10-31 17:03:56 [main] INFO  o.a.c.c.C.[Tomcat].[localhost].[/] - Initializing Spring embedded WebApplicationContext
2023-10-31 17:03:56 [main] INFO  o.s.b.w.s.c.ServletWebServerApplicationContext - Root WebApplicationContext: initialization completed in 1289 ms
2023-10-31 17:03:56 [main] INFO  com.zaxxer.hikari.HikariDataSource - HikariPool-1 - Starting...
2023-10-31 17:03:56 [main] INFO  com.zaxxer.hikari.pool.HikariPool - HikariPool-1 - Added connection com.mysql.cj.jdbc.ConnectionImpl@478fb7dc
2023-10-31 17:03:56 [main] INFO  com.zaxxer.hikari.HikariDataSource - HikariPool-1 - Start completed.
2023-10-31 17:03:56 [main] INFO  o.f.c.i.license.VersionPrinter - Flyway Community Edition 9.22.3 by Redgate
2023-10-31 17:03:56 [main] INFO  o.f.c.i.license.VersionPrinter - See release notes here: https://rd.gt/416ObMi
2023-10-31 17:03:56 [main] INFO  o.f.c.i.license.VersionPrinter - 
2023-10-31 17:03:56 [main] INFO  org.flywaydb.core.FlywayExecutor - Database: jdbc:mysql://localhost:3306/notes_db (MySQL 8.0)
2023-10-31 17:03:56 [main] INFO  o.f.core.internal.command.DbValidate - Successfully validated 1 migration (execution time 00:00.026s)
2023-10-31 17:03:56 [main] INFO  o.f.core.internal.command.DbMigrate - Current version of schema `notes_db`: 1
2023-10-31 17:03:56 [main] INFO  o.f.core.internal.command.DbMigrate - Schema `notes_db` is up to date. No migration necessary.
2023-10-31 17:03:56 [main] INFO  o.h.jpa.internal.util.LogHelper - HHH000204: Processing PersistenceUnitInfo [name: default]
2023-10-31 17:03:56 [main] INFO  org.hibernate.Version - HHH000412: Hibernate ORM core version 6.1.7.Final
2023-10-31 17:03:57 [main] INFO  SQL dialect - HHH000400: Using dialect: org.hibernate.dialect.MySQLDialect
2023-10-31 17:03:57 [main] INFO  o.h.e.t.j.p.i.JtaPlatformInitiator - HHH000490: Using JtaPlatform implementation: [org.hibernate.engine.transaction.jta.platform.internal.NoJtaPlatform]
2023-10-31 17:03:57 [main] INFO  o.s.o.j.LocalContainerEntityManagerFactoryBean - Initialized JPA EntityManagerFactory for persistence unit 'default'
2023-10-31 17:03:58 [main] WARN  o.s.b.a.o.j.JpaBaseConfiguration$JpaWebConfiguration - spring.jpa.open-in-view is enabled by default. Therefore, database queries may be performed during view rendering. Explicitly configure spring.jpa.open-in-view to disable this warning
2023-10-31 17:03:58 [main] INFO  o.s.s.web.DefaultSecurityFilterChain - Will secure any request with [org.springframework.security.web.session.DisableEncodeUrlFilter@4353230, org.springframework.security.web.context.request.async.WebAsyncManagerIntegrationFilter@9214725, org.springframework.security.web.context.SecurityContextHolderFilter@42718ebf, org.springframework.security.web.header.HeaderWriterFilter@504a9352, org.springframework.security.web.authentication.logout.LogoutFilter@683218c8, org.springframework.security.web.savedrequest.RequestCacheAwareFilter@c7008b4, org.springframework.security.web.servletapi.SecurityContextHolderAwareRequestFilter@9abbe39, org.springframework.security.web.authentication.AnonymousAuthenticationFilter@289d9f0d, org.springframework.security.web.session.SessionManagementFilter@5cc28282, org.springframework.security.web.access.ExceptionTranslationFilter@264340f0, org.springframework.security.web.access.intercept.AuthorizationFilter@5d3a147f]
2023-10-31 17:03:59 [main] INFO  o.a.t.u.net.NioEndpoint.certificate - Connector [https-jsse-nio-443], TLS virtual host [_default_], certificate type [UNDEFINED] configured from keystore [file:/C:/Users/sushant.raj/React_UI_Clone/keep/target/classes/local-ssl.p12] using alias [local-ssl] with trust store [null]
2023-10-31 17:03:59 [main] INFO  o.s.b.w.e.tomcat.TomcatWebServer - Tomcat started on port(s): 443 (https) with context path ''
2023-10-31 17:03:59 [main] INFO  com.notes.keep.KeepApplication - Started KeepApplication in 4.991 seconds (process running for 5.406)
2023-10-31 17:04:15 [https-jsse-nio-443-exec-5] INFO  o.a.c.c.C.[Tomcat].[localhost].[/] - Initializing Spring DispatcherServlet 'dispatcherServlet'
2023-10-31 17:04:15 [https-jsse-nio-443-exec-5] INFO  o.s.web.servlet.DispatcherServlet - Initializing Servlet 'dispatcherServlet'
2023-10-31 17:04:15 [https-jsse-nio-443-exec-5] INFO  o.s.web.servlet.DispatcherServlet - Completed initialization in 1 ms
2023-10-31 17:06:22 [SpringApplicationShutdownHook] INFO  o.s.o.j.LocalContainerEntityManagerFactoryBean - Closing JPA EntityManagerFactory for persistence unit 'default'
2023-10-31 17:06:22 [SpringApplicationShutdownHook] INFO  com.zaxxer.hikari.HikariDataSource - HikariPool-1 - Shutdown initiated...
2023-10-31 17:06:22 [SpringApplicationShutdownHook] INFO  com.zaxxer.hikari.HikariDataSource - HikariPool-1 - Shutdown completed.
2023-10-31 17:06:26 [main] INFO  com.notes.keep.KeepApplication - Starting KeepApplication using Java 17.0.8 with PID 11660 (C:\Users\sushant.raj\React_UI_Clone\keep\target\classes started by sushant.raj in C:\Users\sushant.raj\React_UI_Clone\keep)
2023-10-31 17:06:26 [main] INFO  com.notes.keep.KeepApplication - No active profile set, falling back to 1 default profile: "default"
2023-10-31 17:06:27 [main] INFO  o.s.d.r.c.RepositoryConfigurationDelegate - Bootstrapping Spring Data JPA repositories in DEFAULT mode.
2023-10-31 17:06:27 [main] INFO  o.s.d.r.c.RepositoryConfigurationDelegate - Finished Spring Data repository scanning in 58 ms. Found 3 JPA repository interfaces.
2023-10-31 17:06:27 [main] INFO  o.s.b.w.e.tomcat.TomcatWebServer - Tomcat initialized with port(s): 443 (https)
2023-10-31 17:06:27 [main] INFO  o.a.catalina.core.StandardService - Starting service [Tomcat]
2023-10-31 17:06:27 [main] INFO  o.a.catalina.core.StandardEngine - Starting Servlet engine: [Apache Tomcat/10.1.12]
2023-10-31 17:06:27 [main] INFO  o.a.c.c.C.[Tomcat].[localhost].[/] - Initializing Spring embedded WebApplicationContext
2023-10-31 17:06:27 [main] INFO  o.s.b.w.s.c.ServletWebServerApplicationContext - Root WebApplicationContext: initialization completed in 1243 ms
2023-10-31 17:06:27 [main] INFO  com.zaxxer.hikari.HikariDataSource - HikariPool-1 - Starting...
2023-10-31 17:06:28 [main] INFO  com.zaxxer.hikari.pool.HikariPool - HikariPool-1 - Added connection com.mysql.cj.jdbc.ConnectionImpl@478fb7dc
2023-10-31 17:06:28 [main] INFO  com.zaxxer.hikari.HikariDataSource - HikariPool-1 - Start completed.
2023-10-31 17:06:28 [main] INFO  o.f.c.i.license.VersionPrinter - Flyway Community Edition 9.22.3 by Redgate
2023-10-31 17:06:28 [main] INFO  o.f.c.i.license.VersionPrinter - See release notes here: https://rd.gt/416ObMi
2023-10-31 17:06:28 [main] INFO  o.f.c.i.license.VersionPrinter - 
2023-10-31 17:06:28 [main] INFO  org.flywaydb.core.FlywayExecutor - Database: jdbc:mysql://localhost:3306/notes_db (MySQL 8.0)
2023-10-31 17:06:28 [main] INFO  o.f.core.internal.command.DbValidate - Successfully validated 1 migration (execution time 00:00.032s)
2023-10-31 17:06:28 [main] INFO  o.f.core.internal.command.DbMigrate - Current version of schema `notes_db`: 1
2023-10-31 17:06:28 [main] INFO  o.f.core.internal.command.DbMigrate - Schema `notes_db` is up to date. No migration necessary.
2023-10-31 17:06:28 [main] INFO  o.h.jpa.internal.util.LogHelper - HHH000204: Processing PersistenceUnitInfo [name: default]
2023-10-31 17:06:28 [main] INFO  org.hibernate.Version - HHH000412: Hibernate ORM core version 6.1.7.Final
2023-10-31 17:06:28 [main] INFO  SQL dialect - HHH000400: Using dialect: org.hibernate.dialect.MySQLDialect
2023-10-31 17:06:29 [main] INFO  o.h.e.t.j.p.i.JtaPlatformInitiator - HHH000490: Using JtaPlatform implementation: [org.hibernate.engine.transaction.jta.platform.internal.NoJtaPlatform]
2023-10-31 17:06:29 [main] INFO  o.s.o.j.LocalContainerEntityManagerFactoryBean - Initialized JPA EntityManagerFactory for persistence unit 'default'
2023-10-31 17:06:30 [main] WARN  o.s.b.a.o.j.JpaBaseConfiguration$JpaWebConfiguration - spring.jpa.open-in-view is enabled by default. Therefore, database queries may be performed during view rendering. Explicitly configure spring.jpa.open-in-view to disable this warning
2023-10-31 17:06:30 [main] INFO  o.s.s.web.DefaultSecurityFilterChain - Will secure any request with [org.springframework.security.web.session.DisableEncodeUrlFilter@5f80b25a, org.springframework.security.web.context.request.async.WebAsyncManagerIntegrationFilter@5e2525fe, org.springframework.security.web.context.SecurityContextHolderFilter@173da924, org.springframework.security.web.header.HeaderWriterFilter@8a0a1d1, org.springframework.security.web.csrf.CsrfFilter@16a89351, org.springframework.security.web.authentication.logout.LogoutFilter@281a54b, org.springframework.security.web.authentication.UsernamePasswordAuthenticationFilter@4bfaff23, org.springframework.security.web.authentication.ui.DefaultLoginPageGeneratingFilter@1d4b0a07, org.springframework.security.web.authentication.ui.DefaultLogoutPageGeneratingFilter@59d6a4d1, org.springframework.security.web.authentication.www.BasicAuthenticationFilter@3fe7c87c, org.springframework.security.web.savedrequest.RequestCacheAwareFilter@5f92e5eb, org.springframework.security.web.servletapi.SecurityContextHolderAwareRequestFilter@502dc93a, org.springframework.security.web.authentication.AnonymousAuthenticationFilter@5b476930, org.springframework.security.web.access.ExceptionTranslationFilter@5653429e, org.springframework.security.web.access.intercept.AuthorizationFilter@3c1fd5aa]
2023-10-31 17:06:30 [main] INFO  o.a.t.u.net.NioEndpoint.certificate - Connector [https-jsse-nio-443], TLS virtual host [_default_], certificate type [UNDEFINED] configured from keystore [file:/C:/Users/sushant.raj/React_UI_Clone/keep/target/classes/local-ssl.p12] using alias [local-ssl] with trust store [null]
2023-10-31 17:06:30 [main] INFO  o.s.b.w.e.tomcat.TomcatWebServer - Tomcat started on port(s): 443 (https) with context path ''
2023-10-31 17:06:30 [main] INFO  com.notes.keep.KeepApplication - Started KeepApplication in 4.895 seconds (process running for 5.298)
2023-10-31 17:06:37 [https-jsse-nio-443-exec-5] INFO  o.a.c.c.C.[Tomcat].[localhost].[/] - Initializing Spring DispatcherServlet 'dispatcherServlet'
2023-10-31 17:06:37 [https-jsse-nio-443-exec-5] INFO  o.s.web.servlet.DispatcherServlet - Initializing Servlet 'dispatcherServlet'
2023-10-31 17:06:37 [https-jsse-nio-443-exec-5] INFO  o.s.web.servlet.DispatcherServlet - Completed initialization in 1 ms
2023-10-31 17:10:44 [SpringApplicationShutdownHook] INFO  o.s.o.j.LocalContainerEntityManagerFactoryBean - Closing JPA EntityManagerFactory for persistence unit 'default'
2023-10-31 17:10:44 [SpringApplicationShutdownHook] INFO  com.zaxxer.hikari.HikariDataSource - HikariPool-1 - Shutdown initiated...
2023-10-31 17:10:44 [SpringApplicationShutdownHook] INFO  com.zaxxer.hikari.HikariDataSource - HikariPool-1 - Shutdown completed.
2023-10-31 17:10:47 [main] INFO  com.notes.keep.KeepApplication - Starting KeepApplication using Java 17.0.8 with PID 13656 (C:\Users\sushant.raj\React_UI_Clone\keep\target\classes started by sushant.raj in C:\Users\sushant.raj\React_UI_Clone\keep)
2023-10-31 17:10:47 [main] INFO  com.notes.keep.KeepApplication - No active profile set, falling back to 1 default profile: "default"
2023-10-31 17:10:48 [main] INFO  o.s.d.r.c.RepositoryConfigurationDelegate - Bootstrapping Spring Data JPA repositories in DEFAULT mode.
2023-10-31 17:10:48 [main] INFO  o.s.d.r.c.RepositoryConfigurationDelegate - Finished Spring Data repository scanning in 64 ms. Found 3 JPA repository interfaces.
2023-10-31 17:10:48 [main] INFO  o.s.b.w.e.tomcat.TomcatWebServer - Tomcat initialized with port(s): 443 (https)
2023-10-31 17:10:48 [main] INFO  o.a.catalina.core.StandardService - Starting service [Tomcat]
2023-10-31 17:10:48 [main] INFO  o.a.catalina.core.StandardEngine - Starting Servlet engine: [Apache Tomcat/10.1.12]
2023-10-31 17:10:49 [main] INFO  o.a.c.c.C.[Tomcat].[localhost].[/] - Initializing Spring embedded WebApplicationContext
2023-10-31 17:10:49 [main] INFO  o.s.b.w.s.c.ServletWebServerApplicationContext - Root WebApplicationContext: initialization completed in 1298 ms
2023-10-31 17:10:49 [main] INFO  com.zaxxer.hikari.HikariDataSource - HikariPool-1 - Starting...
2023-10-31 17:10:49 [main] INFO  com.zaxxer.hikari.pool.HikariPool - HikariPool-1 - Added connection com.mysql.cj.jdbc.ConnectionImpl@563ccd31
2023-10-31 17:10:49 [main] INFO  com.zaxxer.hikari.HikariDataSource - HikariPool-1 - Start completed.
2023-10-31 17:10:49 [main] INFO  o.f.c.i.license.VersionPrinter - Flyway Community Edition 9.22.3 by Redgate
2023-10-31 17:10:49 [main] INFO  o.f.c.i.license.VersionPrinter - See release notes here: https://rd.gt/416ObMi
2023-10-31 17:10:49 [main] INFO  o.f.c.i.license.VersionPrinter - 
2023-10-31 17:10:49 [main] INFO  org.flywaydb.core.FlywayExecutor - Database: jdbc:mysql://localhost:3306/notes_db (MySQL 8.0)
2023-10-31 17:10:49 [main] INFO  o.f.core.internal.command.DbValidate - Successfully validated 1 migration (execution time 00:00.023s)
2023-10-31 17:10:49 [main] INFO  o.f.core.internal.command.DbMigrate - Current version of schema `notes_db`: 1
2023-10-31 17:10:49 [main] INFO  o.f.core.internal.command.DbMigrate - Schema `notes_db` is up to date. No migration necessary.
2023-10-31 17:10:49 [main] INFO  o.h.jpa.internal.util.LogHelper - HHH000204: Processing PersistenceUnitInfo [name: default]
2023-10-31 17:10:49 [main] INFO  org.hibernate.Version - HHH000412: Hibernate ORM core version 6.1.7.Final
2023-10-31 17:10:49 [main] INFO  SQL dialect - HHH000400: Using dialect: org.hibernate.dialect.MySQLDialect
2023-10-31 17:10:50 [main] INFO  o.h.e.t.j.p.i.JtaPlatformInitiator - HHH000490: Using JtaPlatform implementation: [org.hibernate.engine.transaction.jta.platform.internal.NoJtaPlatform]
2023-10-31 17:10:50 [main] INFO  o.s.o.j.LocalContainerEntityManagerFactoryBean - Initialized JPA EntityManagerFactory for persistence unit 'default'
2023-10-31 17:10:51 [main] WARN  o.s.b.a.o.j.JpaBaseConfiguration$JpaWebConfiguration - spring.jpa.open-in-view is enabled by default. Therefore, database queries may be performed during view rendering. Explicitly configure spring.jpa.open-in-view to disable this warning
2023-10-31 17:10:51 [main] INFO  o.s.s.web.DefaultSecurityFilterChain - Will secure any request with [org.springframework.security.web.session.DisableEncodeUrlFilter@63b85d97, org.springframework.security.web.context.request.async.WebAsyncManagerIntegrationFilter@50cadbae, org.springframework.security.web.context.SecurityContextHolderFilter@23c0fcf0, org.springframework.security.web.header.HeaderWriterFilter@735d7b99, org.springframework.security.web.authentication.logout.LogoutFilter@10b063fd, org.springframework.security.web.savedrequest.RequestCacheAwareFilter@4a234e1f, org.springframework.security.web.servletapi.SecurityContextHolderAwareRequestFilter@7640a191, org.springframework.security.web.authentication.AnonymousAuthenticationFilter@7d583602, org.springframework.security.web.session.SessionManagementFilter@6f959640, org.springframework.security.web.access.ExceptionTranslationFilter@7ed6e557, org.springframework.security.web.access.intercept.AuthorizationFilter@7c59f315]
2023-10-31 17:10:52 [main] INFO  o.a.t.u.net.NioEndpoint.certificate - Connector [https-jsse-nio-443], TLS virtual host [_default_], certificate type [UNDEFINED] configured from keystore [file:/C:/Users/sushant.raj/React_UI_Clone/keep/target/classes/local-ssl.p12] using alias [local-ssl] with trust store [null]
2023-10-31 17:10:52 [main] INFO  o.s.b.w.e.tomcat.TomcatWebServer - Tomcat started on port(s): 443 (https) with context path ''
2023-10-31 17:10:52 [main] INFO  com.notes.keep.KeepApplication - Started KeepApplication in 4.824 seconds (process running for 5.248)
2023-10-31 17:10:59 [https-jsse-nio-443-exec-5] INFO  o.a.c.c.C.[Tomcat].[localhost].[/] - Initializing Spring DispatcherServlet 'dispatcherServlet'
2023-10-31 17:10:59 [https-jsse-nio-443-exec-5] INFO  o.s.web.servlet.DispatcherServlet - Initializing Servlet 'dispatcherServlet'
2023-10-31 17:10:59 [https-jsse-nio-443-exec-5] INFO  o.s.web.servlet.DispatcherServlet - Completed initialization in 1 ms
2023-10-31 17:12:15 [SpringApplicationShutdownHook] INFO  o.s.o.j.LocalContainerEntityManagerFactoryBean - Closing JPA EntityManagerFactory for persistence unit 'default'
2023-10-31 17:12:15 [SpringApplicationShutdownHook] INFO  com.zaxxer.hikari.HikariDataSource - HikariPool-1 - Shutdown initiated...
2023-10-31 17:12:15 [SpringApplicationShutdownHook] INFO  com.zaxxer.hikari.HikariDataSource - HikariPool-1 - Shutdown completed.
2023-10-31 17:12:19 [main] INFO  com.notes.keep.KeepApplication - Starting KeepApplication using Java 17.0.8 with PID 16828 (C:\Users\sushant.raj\React_UI_Clone\keep\target\classes started by sushant.raj in C:\Users\sushant.raj\React_UI_Clone\keep)
2023-10-31 17:12:19 [main] INFO  com.notes.keep.KeepApplication - No active profile set, falling back to 1 default profile: "default"
2023-10-31 17:12:20 [main] INFO  o.s.d.r.c.RepositoryConfigurationDelegate - Bootstrapping Spring Data JPA repositories in DEFAULT mode.
2023-10-31 17:12:20 [main] INFO  o.s.d.r.c.RepositoryConfigurationDelegate - Finished Spring Data repository scanning in 62 ms. Found 3 JPA repository interfaces.
2023-10-31 17:12:20 [main] INFO  o.s.b.w.e.tomcat.TomcatWebServer - Tomcat initialized with port(s): 443 (https)
2023-10-31 17:12:20 [main] INFO  o.a.catalina.core.StandardService - Starting service [Tomcat]
2023-10-31 17:12:20 [main] INFO  o.a.catalina.core.StandardEngine - Starting Servlet engine: [Apache Tomcat/10.1.12]
2023-10-31 17:12:20 [main] INFO  o.a.c.c.C.[Tomcat].[localhost].[/] - Initializing Spring embedded WebApplicationContext
2023-10-31 17:12:20 [main] INFO  o.s.b.w.s.c.ServletWebServerApplicationContext - Root WebApplicationContext: initialization completed in 1265 ms
2023-10-31 17:12:21 [main] INFO  com.zaxxer.hikari.HikariDataSource - HikariPool-1 - Starting...
2023-10-31 17:12:21 [main] INFO  com.zaxxer.hikari.pool.HikariPool - HikariPool-1 - Added connection com.mysql.cj.jdbc.ConnectionImpl@1ee5632d
2023-10-31 17:12:21 [main] INFO  com.zaxxer.hikari.HikariDataSource - HikariPool-1 - Start completed.
2023-10-31 17:12:21 [main] INFO  o.f.c.i.license.VersionPrinter - Flyway Community Edition 9.22.3 by Redgate
2023-10-31 17:12:21 [main] INFO  o.f.c.i.license.VersionPrinter - See release notes here: https://rd.gt/416ObMi
2023-10-31 17:12:21 [main] INFO  o.f.c.i.license.VersionPrinter - 
2023-10-31 17:12:21 [main] INFO  org.flywaydb.core.FlywayExecutor - Database: jdbc:mysql://localhost:3306/notes_db (MySQL 8.0)
2023-10-31 17:12:21 [main] INFO  o.f.core.internal.command.DbValidate - Successfully validated 1 migration (execution time 00:00.022s)
2023-10-31 17:12:21 [main] INFO  o.f.core.internal.command.DbMigrate - Current version of schema `notes_db`: 1
2023-10-31 17:12:21 [main] INFO  o.f.core.internal.command.DbMigrate - Schema `notes_db` is up to date. No migration necessary.
2023-10-31 17:12:21 [main] INFO  o.h.jpa.internal.util.LogHelper - HHH000204: Processing PersistenceUnitInfo [name: default]
2023-10-31 17:12:21 [main] INFO  org.hibernate.Version - HHH000412: Hibernate ORM core version 6.1.7.Final
2023-10-31 17:12:21 [main] INFO  SQL dialect - HHH000400: Using dialect: org.hibernate.dialect.MySQLDialect
2023-10-31 17:12:22 [main] INFO  o.h.e.t.j.p.i.JtaPlatformInitiator - HHH000490: Using JtaPlatform implementation: [org.hibernate.engine.transaction.jta.platform.internal.NoJtaPlatform]
2023-10-31 17:12:22 [main] INFO  o.s.o.j.LocalContainerEntityManagerFactoryBean - Initialized JPA EntityManagerFactory for persistence unit 'default'
2023-10-31 17:12:23 [main] WARN  o.s.b.a.o.j.JpaBaseConfiguration$JpaWebConfiguration - spring.jpa.open-in-view is enabled by default. Therefore, database queries may be performed during view rendering. Explicitly configure spring.jpa.open-in-view to disable this warning
2023-10-31 17:12:23 [main] INFO  o.s.s.web.DefaultSecurityFilterChain - Will secure any request with [org.springframework.security.web.session.DisableEncodeUrlFilter@7d583602, org.springframework.security.web.context.request.async.WebAsyncManagerIntegrationFilter@65689000, org.springframework.security.web.context.SecurityContextHolderFilter@4a234e1f, org.springframework.security.web.header.HeaderWriterFilter@3577e37c, org.springframework.security.web.authentication.logout.LogoutFilter@2bd67cf9, org.springframework.security.web.savedrequest.RequestCacheAwareFilter@64ef9b9a, org.springframework.security.web.servletapi.SecurityContextHolderAwareRequestFilter@48e1e18a, org.springframework.security.web.authentication.AnonymousAuthenticationFilter@441d3ddf, org.springframework.security.web.session.SessionManagementFilter@6919a8a, org.springframework.security.web.access.ExceptionTranslationFilter@735d7b99, org.springframework.security.web.access.intercept.AuthorizationFilter@32a541a8]
2023-10-31 17:12:23 [main] INFO  o.a.t.u.net.NioEndpoint.certificate - Connector [https-jsse-nio-443], TLS virtual host [_default_], certificate type [UNDEFINED] configured from keystore [file:/C:/Users/sushant.raj/React_UI_Clone/keep/target/classes/local-ssl.p12] using alias [local-ssl] with trust store [null]
2023-10-31 17:12:23 [main] INFO  o.s.b.w.e.tomcat.TomcatWebServer - Tomcat started on port(s): 443 (https) with context path ''
2023-10-31 17:12:23 [main] INFO  com.notes.keep.KeepApplication - Started KeepApplication in 4.637 seconds (process running for 5.039)
2023-10-31 17:12:29 [https-jsse-nio-443-exec-5] INFO  o.a.c.c.C.[Tomcat].[localhost].[/] - Initializing Spring DispatcherServlet 'dispatcherServlet'
2023-10-31 17:12:29 [https-jsse-nio-443-exec-5] INFO  o.s.web.servlet.DispatcherServlet - Initializing Servlet 'dispatcherServlet'
2023-10-31 17:12:29 [https-jsse-nio-443-exec-5] INFO  o.s.web.servlet.DispatcherServlet - Completed initialization in 1 ms
2023-10-31 17:12:31 [https-jsse-nio-443-exec-10] INFO  com.notes.keep.utils.Loggers - USER CREATED WITH EMAIL : asdasd
2023-10-31 17:12:44 [https-jsse-nio-443-exec-5] INFO  com.notes.keep.utils.Loggers - NOTE CREATED
2023-10-31 17:12:44 [https-jsse-nio-443-exec-5] INFO  com.notes.keep.utils.Loggers - NOTE CREATED BY EMAIL : asdasd
2023-10-31 17:12:50 [https-jsse-nio-443-exec-5] INFO  com.notes.keep.utils.Loggers - NOTE CREATED
2023-10-31 17:12:50 [https-jsse-nio-443-exec-5] INFO  com.notes.keep.utils.Loggers - NOTE CREATED BY EMAIL : asdasd
2023-10-31 17:12:54 [https-jsse-nio-443-exec-5] INFO  com.notes.keep.utils.Loggers - NOTE CREATED
2023-10-31 17:12:54 [https-jsse-nio-443-exec-5] INFO  com.notes.keep.utils.Loggers - NOTE CREATED BY EMAIL : asdasd
2023-10-31 17:12:59 [https-jsse-nio-443-exec-5] INFO  com.notes.keep.utils.Loggers - NOTE CREATED
2023-10-31 17:12:59 [https-jsse-nio-443-exec-5] INFO  com.notes.keep.utils.Loggers - NOTE CREATED BY EMAIL : asdasd
2023-10-31 17:13:06 [https-jsse-nio-443-exec-5] INFO  com.notes.keep.utils.Loggers - NOTE WITH TITLE : 'q' AND ID : 2f713f17-0ae8-4d49-b9aa-3eef6fa6cae6 REQUESTED
2023-10-31 17:13:28 [https-jsse-nio-443-exec-10] INFO  com.notes.keep.utils.Loggers - UPDATE USER CALLED
2023-10-31 17:13:41 [https-jsse-nio-443-exec-5] INFO  com.notes.keep.utils.Loggers - ALL USERS NUMBER REQUESTED BY ADMIN
2023-10-31 17:13:41 [https-jsse-nio-443-exec-1] INFO  com.notes.keep.utils.Loggers - ALL USERS LIST REQUESTED BY ADMIN
2023-10-31 17:13:41 [https-jsse-nio-443-exec-8] INFO  com.notes.keep.utils.Loggers - ALL USERS NUMBER REQUESTED BY ADMIN
2023-10-31 17:13:41 [https-jsse-nio-443-exec-6] INFO  com.notes.keep.utils.Loggers - ALL USERS LIST REQUESTED BY ADMIN
2023-10-31 17:13:41 [https-jsse-nio-443-exec-10] INFO  com.notes.keep.utils.Loggers - DB SIZE REQUESTED BY ADMIN
2023-10-31 17:13:42 [https-jsse-nio-443-exec-4] INFO  com.notes.keep.utils.Loggers - DB SIZE REQUESTED BY ADMIN
2023-10-31 17:14:13 [https-jsse-nio-443-exec-10] INFO  com.notes.keep.utils.Loggers - NOTE WITH ID f1f9490e-91e9-4b68-937a-98cd5dc138c3 REQUESTED
2023-10-31 17:14:13 [https-jsse-nio-443-exec-4] INFO  com.notes.keep.utils.Loggers - NOTE WITH ID f1f9490e-91e9-4b68-937a-98cd5dc138c3 REQUESTED
2023-10-31 17:14:14 [https-jsse-nio-443-exec-10] INFO  com.notes.keep.utils.Loggers - NOTE WITH ID f1f9490e-91e9-4b68-937a-98cd5dc138c3 REQUESTED
2023-10-31 17:14:21 [https-jsse-nio-443-exec-4] INFO  com.notes.keep.utils.Loggers - NOTE WITH ID f1f9490e-91e9-4b68-937a-98cd5dc138c3 DELETED
2023-10-31 17:14:28 [https-jsse-nio-443-exec-4] INFO  com.notes.keep.utils.Loggers - NOTE WITH ID d5d0eb0b-51ad-4a60-9073-274c4e5b4af6 REQUESTED
2023-10-31 17:14:28 [https-jsse-nio-443-exec-10] INFO  com.notes.keep.utils.Loggers - NOTE WITH ID d5d0eb0b-51ad-4a60-9073-274c4e5b4af6 REQUESTED
2023-10-31 17:14:28 [https-jsse-nio-443-exec-4] INFO  com.notes.keep.utils.Loggers - NOTE WITH ID d5d0eb0b-51ad-4a60-9073-274c4e5b4af6 REQUESTED
2023-10-31 17:14:30 [https-jsse-nio-443-exec-10] INFO  com.notes.keep.utils.Loggers - NOTE WITH ID d5d0eb0b-51ad-4a60-9073-274c4e5b4af6 DELETED
2023-10-31 17:20:30 [https-jsse-nio-443-exec-10] INFO  com.notes.keep.utils.Loggers - UPDATE USER CALLED
